<?xml version="1.0" encoding="UTF-8"?>
<testng-results ignored="0" total="1" passed="0" failed="1" skipped="0">
  <reporter-output>
  </reporter-output>
  <suite started-at="2018-12-01T11:38:26Z" name="Default suite" finished-at="2018-12-01T11:38:48Z" duration-ms="22229">
    <groups>
    </groups>
    <test started-at="2018-12-01T11:38:26Z" name="Default test" finished-at="2018-12-01T11:38:48Z" duration-ms="22229">
      <class name="com.actitime.user_scripts.RemovePermissionsTC_108">
        <test-method is-config="true" signature="preConfig()[pri:0, instance:com.actitime.user_scripts.RemovePermissionsTC_108@65b3f4a4]" started-at="2018-12-01T11:38:26Z" name="preConfig" finished-at="2018-12-01T11:38:37Z" duration-ms="10982" status="PASS">
          <reporter-output>
          </reporter-output>
        </test-method> <!-- preConfig -->
        <test-method signature="testRemovePermissionsTC_108()[pri:0, instance:com.actitime.user_scripts.RemovePermissionsTC_108@65b3f4a4]" started-at="2018-12-01T11:38:37Z" name="testRemovePermissionsTC_108" finished-at="2018-12-01T11:38:42Z" duration-ms="4841" status="FAIL">
          <exception class="org.openqa.selenium.ElementNotInteractableException">
            <message>
              <![CDATA[Element <img src="/img/default/pixel.gif"> could not be scrolled into view
Build info: version: '3.141.59', revision: 'e82be7d358', time: '2018-11-14T08:17:03'
System info: host: 'SUNNYSCOMPUTER', ip: '192.168.8.1', os.name: 'Windows 10', os.arch: 'amd64', os.version: '10.0', java.version: '10.0.2'
Driver info: org.openqa.selenium.firefox.FirefoxDriver
Capabilities {acceptInsecureCerts: true, browserName: firefox, browserVersion: 63.0.3, javascriptEnabled: true, moz:accessibilityChecks: false, moz:geckodriverVersion: 0.22.0, moz:headless: false, moz:processID: 2680, moz:profile: C:\Users\sachi\AppData\Loca..., moz:useNonSpecCompliantPointerOrigin: false, moz:webdriverClick: true, pageLoadStrategy: normal, platform: WINDOWS, platformName: WINDOWS, platformVersion: 10.0, rotatable: false, setWindowRect: true, timeouts: {implicit: 0, pageLoad: 300000, script: 30000}, unhandledPromptBehavior: dismiss and notify}
Session ID: 56e40cff-4c60-485c-86b6-cef3586bf94b]]>
            </message>
            <full-stacktrace>
              <![CDATA[org.openqa.selenium.ElementNotInteractableException: Element <img src="/img/default/pixel.gif"> could not be scrolled into view
Build info: version: '3.141.59', revision: 'e82be7d358', time: '2018-11-14T08:17:03'
System info: host: 'SUNNYSCOMPUTER', ip: '192.168.8.1', os.name: 'Windows 10', os.arch: 'amd64', os.version: '10.0', java.version: '10.0.2'
Driver info: org.openqa.selenium.firefox.FirefoxDriver
Capabilities {acceptInsecureCerts: true, browserName: firefox, browserVersion: 63.0.3, javascriptEnabled: true, moz:accessibilityChecks: false, moz:geckodriverVersion: 0.22.0, moz:headless: false, moz:processID: 2680, moz:profile: C:\Users\sachi\AppData\Loca..., moz:useNonSpecCompliantPointerOrigin: false, moz:webdriverClick: true, pageLoadStrategy: normal, platform: WINDOWS, platformName: WINDOWS, platformVersion: 10.0, rotatable: false, setWindowRect: true, timeouts: {implicit: 0, pageLoad: 300000, script: 30000}, unhandledPromptBehavior: dismiss and notify}
Session ID: 56e40cff-4c60-485c-86b6-cef3586bf94b
at java.base/jdk.internal.reflect.NativeConstructorAccessorImpl.newInstance0(Native Method)
at java.base/jdk.internal.reflect.NativeConstructorAccessorImpl.newInstance(Unknown Source)
at java.base/jdk.internal.reflect.DelegatingConstructorAccessorImpl.newInstance(Unknown Source)
at java.base/java.lang.reflect.Constructor.newInstance(Unknown Source)
at org.openqa.selenium.remote.http.W3CHttpResponseCodec.createException(W3CHttpResponseCodec.java:187)
at org.openqa.selenium.remote.http.W3CHttpResponseCodec.decode(W3CHttpResponseCodec.java:122)
at org.openqa.selenium.remote.http.W3CHttpResponseCodec.decode(W3CHttpResponseCodec.java:49)
at org.openqa.selenium.remote.HttpCommandExecutor.execute(HttpCommandExecutor.java:158)
at org.openqa.selenium.remote.service.DriverCommandExecutor.execute(DriverCommandExecutor.java:83)
at org.openqa.selenium.remote.RemoteWebDriver.execute(RemoteWebDriver.java:552)
at org.openqa.selenium.remote.RemoteWebElement.execute(RemoteWebElement.java:285)
at org.openqa.selenium.remote.RemoteWebElement.click(RemoteWebElement.java:84)
at com.actitime.pages.UserListPage.clickOnAllCheckBoxesToUncheck(UserListPage.java:46)
at com.actitime.user_scripts.RemovePermissionsTC_108.testRemovePermissionsTC_108(RemovePermissionsTC_108.java:28)
at java.base/jdk.internal.reflect.NativeMethodAccessorImpl.invoke0(Native Method)
at java.base/jdk.internal.reflect.NativeMethodAccessorImpl.invoke(Unknown Source)
at java.base/jdk.internal.reflect.DelegatingMethodAccessorImpl.invoke(Unknown Source)
at java.base/java.lang.reflect.Method.invoke(Unknown Source)
at org.testng.internal.MethodInvocationHelper.invokeMethod(MethodInvocationHelper.java:124)
at org.testng.internal.Invoker.invokeMethod(Invoker.java:583)
at org.testng.internal.Invoker.invokeTestMethod(Invoker.java:719)
at org.testng.internal.Invoker.invokeTestMethods(Invoker.java:989)
at org.testng.internal.TestMethodWorker.invokeTestMethods(TestMethodWorker.java:125)
at org.testng.internal.TestMethodWorker.run(TestMethodWorker.java:109)
at org.testng.TestRunner.privateRun(TestRunner.java:648)
at org.testng.TestRunner.run(TestRunner.java:505)
at org.testng.SuiteRunner.runTest(SuiteRunner.java:455)
at org.testng.SuiteRunner.runSequentially(SuiteRunner.java:450)
at org.testng.SuiteRunner.privateRun(SuiteRunner.java:415)
at org.testng.SuiteRunner.run(SuiteRunner.java:364)
at org.testng.SuiteRunnerWorker.runSuite(SuiteRunnerWorker.java:52)
at org.testng.SuiteRunnerWorker.run(SuiteRunnerWorker.java:84)
at org.testng.TestNG.runSuitesSequentially(TestNG.java:1208)
at org.testng.TestNG.runSuitesLocally(TestNG.java:1137)
at org.testng.TestNG.runSuites(TestNG.java:1049)
at org.testng.TestNG.run(TestNG.java:1017)
at org.testng.remote.AbstractRemoteTestNG.run(AbstractRemoteTestNG.java:114)
at org.testng.remote.RemoteTestNG.initAndRun(RemoteTestNG.java:251)
at org.testng.remote.RemoteTestNG.main(RemoteTestNG.java:77)
]]>
            </full-stacktrace>
          </exception> <!-- org.openqa.selenium.ElementNotInteractableException -->
          <reporter-output>
          </reporter-output>
        </test-method> <!-- testRemovePermissionsTC_108 -->
        <test-method is-config="true" signature="postConfig()[pri:0, instance:com.actitime.user_scripts.RemovePermissionsTC_108@65b3f4a4]" started-at="2018-12-01T11:38:42Z" name="postConfig" finished-at="2018-12-01T11:38:48Z" duration-ms="6159" status="PASS">
          <reporter-output>
          </reporter-output>
        </test-method> <!-- postConfig -->
      </class> <!-- com.actitime.user_scripts.RemovePermissionsTC_108 -->
    </test> <!-- Default test -->
  </suite> <!-- Default suite -->
</testng-results>
