<?xml version="1.0" encoding="UTF-8"?>
<!-- Generated by org.testng.reporters.JUnitXMLReporter -->
<testsuite ignored="0" hostname="SunnysComputer" failures="0" tests="10" name="Default test(failed)" time="254.811" errors="0" timestamp="22 Nov 2018 17:02:51 GMT">
  <testcase classname="com.actitime.customers_and_task_scripts.LoginActitimeAndLogoutTC_103" name="testLoginActitimeAndLogoutTC_103" time="4.706"/>
  <testcase classname="com.actitime.customers_and_task_scripts.LoginActitimeAndLogoutTC_103" name="testLoginActitimeAndLogoutTC_103" time="2.123"/>
  <testcase classname="com.actitime.customers_and_task_scripts.LoginActitimeAndLogoutTC_103" name="testLoginActitimeAndLogoutTC_103" time="2.569"/>
  <testcase classname="com.actitime.customers_and_task_scripts.LoginActitimeAndLogoutTC_103" name="testLoginActitimeAndLogoutTC_103" time="1.85"/>
  <testcase classname="com.actitime.customers_and_task_scripts.LoginActitimeAndLogoutTC_103" name="testLoginActitimeAndLogoutTC_103" time="2.633"/>
  <testcase classname="com.actitime.customers_and_task_scripts.LoginActitimeAndLogoutTC_103" name="testLoginActitimeAndLogoutTC_103" time="1.707"/>
  <testcase classname="com.actitime.customers_and_task_scripts.LoginActitimeAndLogoutTC_103" name="testLoginActitimeAndLogoutTC_103" time="3.864"/>
  <testcase classname="com.actitime.customers_and_task_scripts.LoginActitimeAndLogoutTC_103" name="testLoginActitimeAndLogoutTC_103" time="1.84"/>
  <testcase classname="com.actitime.customers_and_task_scripts.LoginActitimeAndLogoutTC_103" name="testLoginActitimeAndLogoutTC_103" time="3.593"/>
  <testcase classname="com.actitime.customers_and_task_scripts.LoginActitimeAndLogoutTC_103" name="testLoginActitimeAndLogoutTC_103" time="3.687"/>
</testsuite> <!-- Default test(failed) -->
